<?xml version="1.0" encoding="UTF-8"?>
<testng-results ignored="0" total="1" passed="1" failed="0" skipped="0">
  <reporter-output>
  </reporter-output>
  <suite started-at="2026-06-15T00:17:38 IST" name="AutomationSuite" finished-at="2026-06-15T00:18:02 IST" duration-ms="23384">
    <groups>
    </groups>
    <test started-at="2026-06-15T00:17:38 IST" name="EndToEnd" finished-at="2026-06-15T00:18:02 IST" duration-ms="23384">
      <class name="Tests.EndToEndTest">
        <test-method is-config="true" signature="setup()[pri:0, instance:Tests.EndToEndTest@147e2ae7]" started-at="2026-06-15T00:17:38 IST" name="setup" finished-at="2026-06-15T00:17:45 IST" duration-ms="6398" status="PASS">
          <reporter-output>
          </reporter-output>
        </test-method> <!-- setup -->
        <test-method signature="completeAutomation()[pri:0, instance:Tests.EndToEndTest@147e2ae7]" started-at="2026-06-15T00:17:45 IST" name="completeAutomation" finished-at="2026-06-15T00:18:01 IST" duration-ms="16361" status="PASS">
          <reporter-output>
          </reporter-output>
        </test-method> <!-- completeAutomation -->
        <test-method is-config="true" signature="tearDown()[pri:0, instance:Tests.EndToEndTest@147e2ae7]" started-at="2026-06-15T00:18:01 IST" name="tearDown" finished-at="2026-06-15T00:18:02 IST" duration-ms="543" status="PASS">
          <reporter-output>
          </reporter-output>
        </test-method> <!-- tearDown -->
      </class> <!-- Tests.EndToEndTest -->
    </test> <!-- EndToEnd -->
  </suite> <!-- AutomationSuite -->
</testng-results>
