<?xml version="1.0" encoding="UTF-8"?>
<testng-results ignored="0" total="1" passed="1" failed="0" skipped="0">
  <reporter-output>
  </reporter-output>
  <suite started-at="2026-06-14T23:30:48 IST" name="AutomationSuite" finished-at="2026-06-14T23:31:24 IST" duration-ms="36073">
    <groups>
    </groups>
    <test started-at="2026-06-14T23:30:48 IST" name="EndToEnd" finished-at="2026-06-14T23:31:24 IST" duration-ms="36073">
      <class name="Tests.EndToEndTest">
        <test-method is-config="true" signature="setup()[pri:0, instance:Tests.EndToEndTest@557caf28]" started-at="2026-06-14T23:30:48 IST" name="setup" finished-at="2026-06-14T23:30:57 IST" duration-ms="8355" status="PASS">
          <reporter-output>
          </reporter-output>
        </test-method> <!-- setup -->
        <test-method signature="completeAutomation()[pri:0, instance:Tests.EndToEndTest@557caf28]" started-at="2026-06-14T23:30:57 IST" name="completeAutomation" finished-at="2026-06-14T23:31:24 IST" duration-ms="27018" status="PASS">
          <reporter-output>
          </reporter-output>
        </test-method> <!-- completeAutomation -->
        <test-method is-config="true" signature="tearDown()[pri:0, instance:Tests.EndToEndTest@557caf28]" started-at="2026-06-14T23:31:24 IST" name="tearDown" finished-at="2026-06-14T23:31:24 IST" duration-ms="604" status="PASS">
          <reporter-output>
          </reporter-output>
        </test-method> <!-- tearDown -->
      </class> <!-- Tests.EndToEndTest -->
    </test> <!-- EndToEnd -->
  </suite> <!-- AutomationSuite -->
</testng-results>
